C51 COMPILER V9.59.0.0   APP_SHARE                                                         07/03/2026 15:10:43 PAGE 1   


C51 COMPILER V9.59.0.0, COMPILATION OF MODULE APP_SHARE
OBJECT MODULE PLACED IN .\obj\app_share.obj
COMPILER INVOKED BY: D:\Keil_v5\C51\C51\BIN\C51.EXE app_share.c LARGE OMF2 OPTIMIZE(8,SPEED) BROWSE INCDIR(..\T5L51;.\mc
                    -u_sdk) DEBUG PRINT(.\Listings\app_share.lst) OBJECT(.\obj\app_share.obj)

line level    source

   1          #include "app_share.h"
   2          
   3          #define VP_FLOAT_C_BASE         0x4800U
   4          #define VP_FLOAT_F_BASE         0x4810U
   5          #define VP_INT_C_BASE           0x4808U
   6          #define VP_INT_F_BASE           0x4818U
   7          
   8          bit g_upload_status_boot_done = 0;
   9          bit g_upload_fault_boot_done = 0;
  10          
  11          u16 GetPageID(void)
  12          {
  13   1              u16 usPID;
  14   1      
  15   1              read_dgus_vp(PIC_NOW, (u8 *)&usPID, 1);
  16   1              return usPID;
  17   1      }
  18          
  19          signed short TempUnitTrans(signed short temp, unsigned char type)
  20          {
  21   1              signed short Cache = 0;
  22   1      
  23   1              if(type == 'C')
  24   1              {
  25   2                      if(temp < -22)
  26   2                              temp = -22;
  27   2                      else if(temp > 266)
  28   2                              temp = 266;
  29   2                      Cache = (temp - 32) * 10 * 5 / 9;
  30   2              }
  31   1              else if(type == 'F')
  32   1              {
  33   2                      if(temp < -30)
  34   2                              temp = -30;
  35   2                      else if(temp > 130)
  36   2                              temp = 130;
  37   2                      Cache = temp * 10 * 9 / 5 + 320;
  38   2              }
  39   1      
  40   1              Cache = (Cache > 0) ? ((Cache + 5) / 10) : ((Cache - 5) / 10);
  41   1              return Cache;
  42   1      }
  43          
  44          u32 SetTempIntVpByMode(u8 mode, u8 unit_f)
  45          {
  46   1              if(mode < 1 || mode > 3)
  47   1                      return 0;
  48   1              if(unit_f)
  49   1                      return VP_INT_F_BASE + (u32)(mode - 1) * 2;
  50   1              return VP_INT_C_BASE + (u32)(mode - 1) * 2;
  51   1      }
  52          
  53          u16 SetTempIntRead(u8 mode, u8 unit_f)
  54          {
C51 COMPILER V9.59.0.0   APP_SHARE                                                         07/03/2026 15:10:43 PAGE 2   

  55   1              u16 temp = 0;
  56   1              u32 vp = SetTempIntVpByMode(mode, unit_f);
  57   1      
  58   1              if(vp)
  59   1                      read_dgus_vp(vp, (u8 *)&temp, 1);
  60   1              return temp;
  61   1      }
  62          
  63          void SetTempIntWrite(u8 mode, u8 unit_f, u16 temp)
  64          {
  65   1              u32 vp = SetTempIntVpByMode(mode, unit_f);
  66   1      
  67   1              if(vp)
  68   1                      write_dgus_vp(vp, (u8 *)&temp, 1);
  69   1      }
  70          
  71          void SetTempFloatWriteC(u8 mode, float temp_c)
  72          {
  73   1              u16 temp_f;
  74   1              u16 ic;
  75   1      
  76   1              ic = (u16)temp_c;
  77   1              temp_f = (u16)TempUnitTrans((signed short)ic, 'F');
  78   1              SetTempIntWrite(mode, 0, ic);
  79   1              SetTempIntWrite(mode, 1, temp_f);
  80   1      }


MODULE INFORMATION:   STATIC OVERLAYABLE
   CODE SIZE        =    471    ----
   CONSTANT SIZE    =   ----    ----
   XDATA SIZE       =   ----      17
   PDATA SIZE       =   ----    ----
   DATA SIZE        =   ----    ----
   IDATA SIZE       =   ----    ----
   BIT SIZE         =      2    ----
   EDATA SIZE       =   ----    ----
   HDATA SIZE       =   ----    ----
   XDATA CONST SIZE =   ----    ----
   FAR CONST SIZE   =   ----    ----
END OF MODULE INFORMATION.


C51 COMPILATION COMPLETE.  0 WARNING(S),  0 ERROR(S)
