C51 COMPILER V9.59.0.0   ERRORHISTORY                                                      07/10/2026 15:58:25 PAGE 1   


C51 COMPILER V9.59.0.0, COMPILATION OF MODULE ERRORHISTORY
OBJECT MODULE PLACED IN .\obj\ErrorHistory.obj
COMPILER INVOKED BY: D:\Keil_v5\C51\C51\BIN\C51.EXE ErrorHistory.c LARGE OMF2 OPTIMIZE(8,SPEED) BROWSE INCDIR(..\T5L51;.
                    -\mcu_sdk) DEBUG PRINT(.\Listings\ErrorHistory.lst) OBJECT(.\obj\ErrorHistory.obj)

line level    source

   1          //#include "sys.h"
   2          //#include "ErrorHistory.h"
   3          //#include "control.h"
   4          
   5          //unsigned short        AllErrorBit[4] = {0};
   6          ///* 用于位变化检测的旧值 */
   7          //static unsigned short OldError[4] = {0};
   8          ///*==============================
   9          // * 内部状态
  10          // *==============================*/
  11          
  12          //u8  s_page     = 0;
  13          //static u16 s_writePtr = 0;
  14          ///*==============================
  15          // * 精确闰年日历
  16          // *==============================*/
  17          //static u8 IsLeap(u16 y)
  18          //{
  19          //    return ((y % 4 == 0) && (y % 100 != 0)) || (y % 400 == 0);
  20          //}
  21          
  22          //static const u16 DaysToMonth[13] =
  23          //{
  24          //    0,31,59,90,120,151,181,212,243,273,304,334,365
  25          //};
  26          
  27          ///* 将 DGUS 时间（0x3001 格式）转为秒 */
  28          //static u32 DGUSTimeToTimestamp(u16 *dgTime)
  29          //{
  30          //    u16 y = dgTime[0];   /* 年 */
  31          //    u16 m = dgTime[1];   /* 月 */
  32          //    u16 d = dgTime[2];   /* 日 */
  33          //    u16 h = dgTime[3];   /* 时 */
  34          
  35          //    u32 days = 0;
  36          //    u16 yy;
  37          
  38          //    /* 计算从 2000-01-01 到 y-m-d 的天数 */
  39          //    for (yy = 2000; yy < y; yy++)
  40          //        days += IsLeap(yy) ? 366 : 365;
  41          
  42          //    for (yy = 1; yy < m; yy++)
  43          //    {
  44          //        days += DaysToMonth[yy] - DaysToMonth[yy - 1];
  45          //        if (yy == 2 && IsLeap(y))
  46          //            days++;
  47          //    }
  48          
  49          //    days += d - 1;
  50          
  51          //    return days * 86400UL + h * 3600UL;
  52          //}
  53          
  54          
C51 COMPILER V9.59.0.0   ERRORHISTORY                                                      07/10/2026 15:58:25 PAGE 2   

  55          //void UpdateErrorHistory(unsigned short NewError, unsigned char ErrorBuffNum)
  56          //{
  57          //    unsigned char i;
  58          //    unsigned short time[4];
  59          
  60          //    if (NewError != OldError[ErrorBuffNum])
  61          //    {
  62          //        /* 从 DGUS 读当前时间（0x3001 开始 4 个 VP） */
  63          //        read_dgus_vp(0x3001, (u8 *)&time, 4);
  64          
  65          //        /* 逐位检测上升沿（新故障） */
  66          //        for (i = 0; i < 16; i++)
  67          //        {
  68          //            if (((NewError >> i) & 0x01) >
  69          //                ((OldError[ErrorBuffNum] >> i) & 0x01))
  70          //            {
  71          //                /* 生成故障码（1~64） */
  72          //                u16 errCode = UWOErrorCodeProcess(
  73          //                    ErrorBuffNum * 16 + i + 1
  74          //                );
  75          
  76          //                /* 将 DGUS 时间转换为时间戳 */
  77          //                u32 ts = DGUSTimeToTimestamp(time);
  78          
  79          //                /* 存入 Flash（最新在最前） */
  80          //                ERR_AddWithTime(errCode, ts);
  81          //            }
  82          //        }
  83          
  84          //        OldError[ErrorBuffNum] = NewError;
  85          //    }
  86          //}
  87          
  88          
  89          
  90          //void ERR_AddWithTime(u16 errCode, u32 ts)
  91          //{
  92          //    u16 rec[ERR_REC_WORDS];
  93          
  94          //    rec[0] = errCode;
  95          //    rec[1] = (u16)(ts & 0xFFFF);
  96          //    rec[2] = (u16)(ts >> 16);
  97          //    rec[3] = 0;
  98          
  99          //    ERR_FlashSaveRec(s_writePtr, rec);
 100          
 101          //    s_writePtr++;
 102          //    if (s_writePtr >= ERR_MAX_NUM)
 103          //        s_writePtr = 0;
 104          
 105          //    ERR_SavePtr();
 106          //}
 107          
 108          //void  ErrorHistoryDisplay(void)
 109          //{
 110          //      ERR_ShowPage(s_page);   /* 直接调用 Flash 显示 */
 111          //}
 112          
 113          //void ClearErrorHistory(void)
 114          //{
 115          //    u16 rec[ERR_REC_WORDS] = {0};
 116          //    u16 i;
C51 COMPILER V9.59.0.0   ERRORHISTORY                                                      07/10/2026 15:58:25 PAGE 3   

 117          
 118          //    /* 清 Flash 区 */
 119          //    for (i = 0; i < ERR_MAX_NUM; i++)
 120          //        ERR_FlashSaveRec(i, rec);
 121          
 122          //    /* 复位写指针 */
 123          //    s_writePtr = 0;
 124          //    ERR_SavePtr();
 125          //}
 126          
 127          //void DecodeErrorHistory(void)
 128          //{
 129          //    unsigned char i;
 130          //    unsigned short page;
 131          
 132          //    for (i = 0; i < 4; i++)
 133          //        UpdateErrorHistory(AllErrorBit[i], i);
 134          
 135          //    page = GetPageID();
 136          //    if (page == 45)
 137          //              ERR_ShowPage(s_page);
 138          ////        App_ErrorHistoryDisplay();
 139          //}
 140          
 141          //unsigned char UWOErrorCodeProcess(unsigned char       Code)
 142          //{
 143          //      return          Code;
 144          //}
 145          
 146          ///*****************************************************************************/
 147          //      //读写T5L片内256KW Flash，mod=0x5A 为读取，mod=0xA5为写入
 148          //      //addr=DGUS变量地址，必须是偶数；addr_flash=flash读取地址，必须是偶数；len=读取
             -字长度，必须是偶数。
 149          //void T5L_Flash(unsigned char mod,unsigned int addr,long addr_flash,unsigned int len)
 150          //{     
 151          //      ADR_H=0x00;
 152          //      ADR_M=0x00;
 153          //      ADR_L=0x04;
 154          //      ADR_INC=0x01;
 155          //      RAMMODE=0x8F;           //启动读Flash
 156          //      while(APP_ACK==0);
 157          //      DATA3=mod;
 158          //      DATA2=(unsigned char)(addr_flash>>16);
 159          //      DATA1=(unsigned char)(addr_flash>>8);
 160          //      DATA0=(unsigned char)(addr_flash&0xFE);
 161          //      APP_EN=1;
 162          //      while(APP_EN==1);       
 163          //      DATA3=(unsigned char)(addr>>8);
 164          //      DATA2=(unsigned char)(addr&0xFE);
 165          //      DATA1=(unsigned char)(len>>8);
 166          //      DATA0=(unsigned char)(len&0xFE);
 167          //      APP_EN=1;
 168          //      while(APP_EN==1);
 169          //      RAMMODE=0x00;
 170          //      wait_ok(0x0004);
 171          //}     //等待数据读取OK
 172          
 173          
 174          
 175          ///*==============================
 176          // * 时间戳接口（对接 RTC）
 177          // *==============================*/
C51 COMPILER V9.59.0.0   ERRORHISTORY                                                      07/10/2026 15:58:25 PAGE 4   

 178          //static u32 ERR_GetTsSec(void)
 179          //{
 180          //    /* TODO: 返回秒（epoch=2000-01-01） */
 181          //    return 0;
 182          //}
 183          
 184          ///*==============================
 185          // * Flash 读写封装
 186          // *==============================*/
 187          //static void ERR_FlashSaveRec(u16 idx, u16 *rec)
 188          //{
 189          //    u32 addr = ERR_FLASH_BASE + (u32)idx * ERR_REC_WORDS * 2u;
 190          //    T5L_Flash(0x01, (u16)rec, addr, ERR_REC_WORDS * 2u);
 191          //}
 192          
 193          //static void ERR_FlashLoadRec(u16 idx, u16 *rec)
 194          //{
 195          //    u32 addr = ERR_FLASH_BASE + (u32)idx * ERR_REC_WORDS * 2u;
 196          //    T5L_Flash(0x00, (u16)rec, addr, ERR_REC_WORDS * 2u);
 197          //}
 198          
 199          ///*==============================
 200          // * 写指针
 201          // *==============================*/
 202          //void ERR_SavePtr(void)
 203          //{
 204          //    T5L_Flash(0x01, (u16)&s_writePtr, ERR_FLASH_PTR_ADDR, 2u);
 205          //}
 206          
 207          //static void ERR_LoadPtr(void)
 208          //{
 209          //    T5L_Flash(0x00, (u16)&s_writePtr, ERR_FLASH_PTR_ADDR, 2u);
 210          //    if (s_writePtr >= ERR_MAX_NUM)
 211          //        s_writePtr = 0;
 212          //}
 213          
 214          
 215          
 216          //static void ERR_TsToDate(u32 ts,
 217          //                         u16 *py, u16 *pm, u16 *pd,
 218          //                         u16 *ph, u16 *pn)
 219          //{
 220          //    u32 days = ts / 86400;
 221          //    u32 secs = ts % 86400;
 222          //    u16 y = 2000;
 223          
 224          //    *ph = secs / 3600;
 225          //    *pn = (secs % 3600) / 60;
 226          
 227          //    while (1)
 228          //    {
 229          //        u16 ydays = IsLeap(y) ? 366 : 365;
 230          //        if (days < ydays) break;
 231          //        days -= ydays;
 232          //        y++;
 233          //    }
 234          
 235          //    for (*pm = 1; *pm <= 12; (*pm)++)
 236          //    {
 237          //        u16 mdays = DaysToMonth[*pm] - DaysToMonth[*pm - 1];
 238          //        if (*pm == 2 && IsLeap(y)) mdays++;
 239          //        if (days < mdays) break;
C51 COMPILER V9.59.0.0   ERRORHISTORY                                                      07/10/2026 15:58:25 PAGE 5   

 240          //        days -= mdays;
 241          //    }
 242          
 243          //    *py = y;
 244          //    *pd = days + 1;
 245          //}
 246          
 247          ///*==============================
 248          // * 新增故障
 249          // *==============================*/
 250          //void ERR_Add(u16 errCode)
 251          //{
 252          //    u16 rec[ERR_REC_WORDS];
 253          //    u32 ts = ERR_GetTsSec();
 254          
 255          //    rec[0] = errCode;
 256          //    rec[1] = (u16)(ts & 0xFFFF);
 257          //    rec[2] = (u16)(ts >> 16);
 258          //    rec[3] = 0;
 259          
 260          //    ERR_FlashSaveRec(s_writePtr, rec);
 261          
 262          //    s_writePtr++;
 263          //    if (s_writePtr >= ERR_MAX_NUM)
 264          //        s_writePtr = 0;
 265          
 266          //    ERR_SavePtr();
 267          //}
 268          
 269          ///*==============================
 270          // * 显示单条到 0x3200~0x3205
 271          // *==============================*/
 272          //static void ERR_WriteOneRecord(u8 i, u16 *rec, u8 isEmpty)
 273          //{
 274          //    u16 vpBase = ERR_VP_DISP_BASE + i * ERR_VP_DISP_STRIDE;
 275          //    u16 val;
 276          //      u32 ts;
 277          //      u16 y, m, d, hh, mm;
 278          
 279          //    if (isEmpty)
 280          //    {
 281          //        /* 空记录：DGUS 端配置 0xFFFF → "----" */
 282          //        val = 0xFFFF;
 283          //        write_dgus_vp(vpBase + ERR_VP_INDEX,    (u8*)&val, 2);
 284          //        write_dgus_vp(vpBase + ERR_VP_MONTH,    (u8*)&val, 2);
 285          //        write_dgus_vp(vpBase + ERR_VP_DAY,      (u8*)&val, 2);
 286          //        write_dgus_vp(vpBase + ERR_VP_HOUR,     (u8*)&val, 2);
 287          //        write_dgus_vp(vpBase + ERR_VP_MINUTE,   (u8*)&val, 2);
 288          //        write_dgus_vp(vpBase + ERR_VP_ERRCODE,  (u8*)&val, 2);
 289          //        return;
 290          //    }
 291          
 292          //    /* 序号 */
 293          //    val = s_page * ERR_PER_PAGE + i + 1;
 294          //    write_dgus_vp(vpBase + ERR_VP_INDEX, (u8*)&val, 2);
 295          
 296          //    /* 时间 */
 297          //    ts = ((u32)rec[2] << 16) | rec[1];
 298          //    
 299          //    ERR_TsToDate(ts, &y, &m, &d, &hh, &mm);
 300          
 301          //    write_dgus_vp(vpBase + ERR_VP_MONTH,   (u8*)&m,  2);
C51 COMPILER V9.59.0.0   ERRORHISTORY                                                      07/10/2026 15:58:25 PAGE 6   

 302          //    write_dgus_vp(vpBase + ERR_VP_DAY,     (u8*)&d,  2);
 303          //    write_dgus_vp(vpBase + ERR_VP_HOUR,    (u8*)&hh, 2);
 304          //    write_dgus_vp(vpBase + ERR_VP_MINUTE,  (u8*)&mm, 2);
 305          
 306          //    /* 故障号 */
 307          //    write_dgus_vp(vpBase + ERR_VP_ERRCODE,(u8*)&rec[0], 2);
 308          //}
 309          
 310          ///*==============================
 311          // * 显示某一页
 312          // *==============================*/
 313          //void ERR_ShowPage(u8 page)
 314          //{
 315          //    u8 i;
 316          //    u16 rec[ERR_REC_WORDS];
 317          //    u16 idx;
 318          
 319          //    if (page > (ERR_MAX_NUM - 1) / ERR_PER_PAGE)
 320          //        page = 0;
 321          
 322          //    s_page = page;
 323          
 324          //    for (i = 0; i < ERR_PER_PAGE; i++)
 325          //    {
 326          //        idx = (s_writePtr - 1 - (page * ERR_PER_PAGE + i));
 327          //        if (idx >= ERR_MAX_NUM)
 328          //            idx += ERR_MAX_NUM;
 329          
 330          //        ERR_FlashLoadRec(idx, rec);
 331          
 332          //        if (rec[0] == 0 || rec[0] == 0xFFFF)
 333          //            ERR_WriteOneRecord(i, rec, 1);
 334          //        else
 335          //            ERR_WriteOneRecord(i, rec, 0);
 336          //    }
 337          //}
 338          
 339          ///*==============================
 340          // * 初始化
 341          // *==============================*/
 342          //void ERR_Init(void)
 343          //{
 344          //    u16 flag = 0;
 345          
 346          //    T5L_Flash(0x5A, (u16)&flag, ERR_VP_INIT_FLAG, 2u);
 347          
 348          //    if (flag != ERR_INIT_MARK)
 349          //    {
 350          //        s_writePtr = 0;
 351          //        ERR_SavePtr();
 352          
 353          //        flag = ERR_INIT_MARK;
 354          //        T5L_Flash(0xA5, (u16)&flag, ERR_VP_INIT_FLAG, 2u);
 355          //    }
 356          //    else
 357          //    {
 358          //        ERR_LoadPtr();
 359          //    }
 360          
 361          //    s_page = 0;
 362          //    ERR_ShowPage(s_page);
 363          //}
C51 COMPILER V9.59.0.0   ERRORHISTORY                                                      07/10/2026 15:58:25 PAGE 7   

 364          
 365          ///*==============================
 366          // * 切页
 367          // *==============================*/
 368          //void ERR_OnPageKey(u16 keyValue)
 369          //{
 370          //    u8 maxPage = (ERR_MAX_NUM - 1) / ERR_PER_PAGE;
 371          
 372          //    if (keyValue == 1 && s_page > 0)
 373          //        s_page--;
 374          //    else if (keyValue == 2 && s_page < maxPage)
 375          //        s_page++;
 376          
 377          //    ERR_ShowPage(s_page);
 378          //}
 379          #include "sys.h"
 380          #include "ErrorHistory.h"
 381          #include "control.h"
 382          #include "upload.h"
 383          #include "rtc.h"
 384          #include "app_core.h"
 385          #include "unused_suppress.h"
 386          
 387          unsigned short  AllErrorBit[4] = {0};
 388          unsigned char   ErrorHistory[ERRORHISTORYNUM][5] = {0};
 389          static unsigned char    s_page = 0;
 390          
 391          static unsigned char ErrorHistory_IsValidCode(unsigned char fault_code)
 392          {
 393   1              return (fault_code >= 1 && fault_code <= 64) ? 1 : 0;
 394   1      }
 395          
 396          static unsigned char ErrorHistory_ClampByte(u16 v, u8 maxv)
 397          {
 398   1              if(v > maxv)
 399   1                      return maxv;
 400   1              return (u8)v;
 401   1      }
 402          
 403          /* 记录格式: [0]月 [1]日 [2]时 [3]分 [4]故障码 */
 404          static void ErrorHistory_ReadTime(u8 *rec)
 405          {
 406   1              u16 year = 0;
 407   1              u16 month_vp = 0;
 408   1              u16 day = 0;
 409   1              u16 hour = 0;
 410   1              u16 minute = 0;
 411   1      
 412   1              read_dgus_vp((u32)0x3010, (u8 *)&year, 1);
 413   1              read_dgus_vp((u32)0x3011, (u8 *)&month_vp, 1);
 414   1              read_dgus_vp((u32)0x3012, (u8 *)&day, 1);
 415   1              read_dgus_vp((u32)0x3013, (u8 *)&hour, 1);
 416   1              read_dgus_vp((u32)0x3014, (u8 *)&minute, 1);
 417   1              rec[0] = (u8)RTC_MonthFromDisplayVp(year, month_vp);
 418   1              rec[1] = ErrorHistory_ClampByte(day, 31);
 419   1              rec[2] = ErrorHistory_ClampByte(hour, 23);
 420   1              rec[3] = ErrorHistory_ClampByte(minute, 59);
 421   1      }
 422          
 423          static void ErrorHistory_PackRec(u8 *out, u8 *rec)
 424          {
 425   1              u32 v;
C51 COMPILER V9.59.0.0   ERRORHISTORY                                                      07/10/2026 15:58:25 PAGE 8   

 426   1      
 427   1              if(!ErrorHistory_IsValidCode(rec[4]))
 428   1              {
 429   2                      out[0] = 0;
 430   2                      out[1] = 0;
 431   2                      out[2] = 0;
 432   2                      out[3] = 0;
 433   2                      return;
 434   2              }
 435   1              v = (u32)(rec[4] & 0x3F);
 436   1              v |= ((u32)(ErrorHistory_ClampByte(rec[3], 59) & 0x3F) << 6);
 437   1              v |= ((u32)(ErrorHistory_ClampByte(rec[2], 23) & 0x1F) << 12);
 438   1              v |= ((u32)(ErrorHistory_ClampByte(rec[1], 31) & 0x1F) << 17);
 439   1              v |= ((u32)(ErrorHistory_ClampByte(rec[0], 12) & 0x0F) << 22);
 440   1              out[0] = (u8)v;
 441   1              out[1] = (u8)(v >> 8);
 442   1              out[2] = (u8)(v >> 16);
 443   1              out[3] = (u8)(v >> 24);
 444   1      }
 445          
 446          static void ErrorHistory_UnpackRec(u8 *rec, u8 *in)
 447          {
 448   1              u32 v;
 449   1      
 450   1              v = (u32)in[0] | ((u32)in[1] << 8) | ((u32)in[2] << 16) | ((u32)in[3] << 24);
 451   1              if((v & 0x3F) == 0)
 452   1              {
 453   2                      rec[0] = 0;
 454   2                      rec[1] = 0;
 455   2                      rec[2] = 0;
 456   2                      rec[3] = 0;
 457   2                      rec[4] = 0;
 458   2                      return;
 459   2              }
 460   1              rec[4] = (u8)(v & 0x3F);
 461   1              rec[3] = (u8)((v >> 6) & 0x3F);
 462   1              rec[2] = (u8)((v >> 12) & 0x1F);
 463   1              rec[1] = (u8)((v >> 17) & 0x1F);
 464   1              rec[0] = (u8)((v >> 22) & 0x0F);
 465   1      }
 466          
 467          static void ErrorHistory_UnpackRecLegacy(u8 *rec, u8 *in)
 468          {
 469   1              u32 v;
 470   1              u8 month;
 471   1              u8 day;
 472   1              u8 hour;
 473   1      
 474   1              v = (u32)in[0] | ((u32)in[1] << 8) | ((u32)in[2] << 16) | ((u32)in[3] << 24);
 475   1              if((v & 0x3F) == 0)
 476   1              {
 477   2                      rec[0] = 0;
 478   2                      rec[1] = 0;
 479   2                      rec[2] = 0;
 480   2                      rec[3] = 0;
 481   2                      rec[4] = 0;
 482   2                      return;
 483   2              }
 484   1              hour = (u8)((v >> 6) & 0x1F);
 485   1              day = (u8)((v >> 11) & 0x1F);
 486   1              month = (u8)((v >> 16) & 0x0F);
 487   1              rec[0] = month;
C51 COMPILER V9.59.0.0   ERRORHISTORY                                                      07/10/2026 15:58:25 PAGE 9   

 488   1              rec[1] = day;
 489   1              rec[2] = hour;
 490   1              rec[3] = 0;
 491   1              rec[4] = (u8)(v & 0x3F);
 492   1      }
 493          
 494          static void ErrorHistory_ConvertLegacyRawRec(u8 *rec)
 495          {
 496   1              u8 month;
 497   1              u8 day;
 498   1              u8 hour;
 499   1              u8 fault_code;
 500   1      
 501   1              if(!ErrorHistory_IsValidCode(rec[4]))
 502   1              {
 503   2                      rec[0] = 0;
 504   2                      rec[1] = 0;
 505   2                      rec[2] = 0;
 506   2                      rec[3] = 0;
 507   2                      rec[4] = 0;
 508   2                      return;
 509   2              }
 510   1              month = rec[1];
 511   1              day = rec[2];
 512   1              hour = rec[3];
 513   1              fault_code = rec[4];
 514   1              rec[0] = month;
 515   1              rec[1] = day;
 516   1              rec[2] = hour;
 517   1              rec[3] = 0;
 518   1              rec[4] = fault_code;
 519   1      }
 520          
 521          void ErrorHistory_FlashWrite(u32 flash_vp_addr)
 522          {
 523   1              u8 packed[ERRORHISTORYNUM * 4];
 524   1              u8 i;
 525   1              u16 magic = ERRORHISTORY_FLASH_MAGIC;
 526   1      
 527   1              for(i = 0; i < ERRORHISTORYNUM; i++)
 528   1                      ErrorHistory_PackRec(packed + i * 4, ErrorHistory[i]);
 529   1              write_dgus_vp(flash_vp_addr, (u8 *)&magic, 1);
 530   1              write_dgus_vp(flash_vp_addr + 1, packed, (u16)(ERRORHISTORY_FLASH_WORDS - 1));
 531   1      }
 532          
 533          static u32 ErrorHistory_FlashVpAddr(void)
 534          {
 535   1              return (u32)(NOR_FLASH_FIRST + MEMORY_HEADER_WORDS + MEMORY_LANGUAGE_WORDS
 536   1                      + MEMORY_TIMER_SLOT_WORDS + MEMORY_INDOOR_TIMER_WORDS + 1 + 1);
 537   1      }
 538          
 539          void ErrorHistory_FlashCommitNow(void)
 540          {
 541   1              u16 enable_memory = 0;
 542   1      
 543   1              ErrorHistory_FlashWrite(ErrorHistory_FlashVpAddr());
 544   1              read_dgus_vp((u32)(0x3508), (u8 *)&enable_memory, 1);
 545   1              if(enable_memory == 1)
 546   1              {
 547   2                      Write_Memory();
 548   2                      Write_Nor_Flash();
 549   2                      Save_Flash_Flag = 0;
C51 COMPILER V9.59.0.0   ERRORHISTORY                                                      07/10/2026 15:58:25 PAGE 10  

 550   2                      Flash_Save_Count = 0;
 551   2              }
 552   1      }
 553          
 554          void ErrorHistory_TryMigrateFlash(void)
 555          {
 556   1              u16 magic = 0;
 557   1              u16 enable_memory = 0;
 558   1              u32 addr;
 559   1      
 560   1              addr = ErrorHistory_FlashVpAddr();
 561   1              read_dgus_vp(addr, (u8 *)&magic, 1);
 562   1              if(magic == ERRORHISTORY_FLASH_MAGIC)
 563   1                      return;
 564   1      
 565   1              ErrorHistory_Sanitize();
 566   1              ErrorHistory_FlashWrite(addr);
 567   1      
 568   1              read_dgus_vp((u32)(0x3508), (u8 *)&enable_memory, 1);
 569   1              if(enable_memory == 1)
 570   1              {
 571   2                      Write_Memory();
 572   2                      Write_Nor_Flash();
 573   2                      Save_Flash_Flag = 0;
 574   2                      Flash_Save_Count = 0;
 575   2              }
 576   1      }
 577          
 578          void ErrorHistory_FlashRead(u32 flash_vp_addr)
 579          {
 580   1              u16 magic = 0;
 581   1              u8 packed[ERRORHISTORYNUM * 4];
 582   1              u8 i, j;
 583   1      
 584   1              read_dgus_vp(flash_vp_addr, (u8 *)&magic, 1);
 585   1              if(magic == ERRORHISTORY_FLASH_MAGIC)
 586   1              {
 587   2                      read_dgus_vp(flash_vp_addr + 1, packed, (u16)(ERRORHISTORY_FLASH_WORDS - 1));
 588   2                      for(i = 0; i < ERRORHISTORYNUM; i++)
 589   2                              ErrorHistory_UnpackRec(ErrorHistory[i], packed + i * 4);
 590   2                      return;
 591   2              }
 592   1              if(magic == ERRORHISTORY_FLASH_MAGIC_OLD)
 593   1              {
 594   2                      read_dgus_vp(flash_vp_addr + 1, packed, (u16)(ERRORHISTORY_FLASH_WORDS - 1));
 595   2                      for(i = 0; i < ERRORHISTORYNUM; i++)
 596   2                              ErrorHistory_UnpackRecLegacy(ErrorHistory[i], packed + i * 4);
 597   2                      return;
 598   2              }
 599   1              /* 兼容旧版 85 条×5 字节原始布局: 年/月/日/时/码 */
 600   1              read_dgus_vp(flash_vp_addr, (u8 *)&ErrorHistory, 214);
 601   1              for(i = 0; i < 85; i++)
 602   1                      ErrorHistory_ConvertLegacyRawRec(ErrorHistory[i]);
 603   1              for(i = 85; i < ERRORHISTORYNUM; i++)
 604   1              {
 605   2                      for(j = 0; j < 5; j++)
 606   2                              ErrorHistory[i][j] = 0;
 607   2              }
 608   1              for(i = 0; i < 85; i++)
 609   1              {
 610   2                      if(!ErrorHistory_IsValidCode(ErrorHistory[i][4]))
 611   2                      {
C51 COMPILER V9.59.0.0   ERRORHISTORY                                                      07/10/2026 15:58:25 PAGE 11  

 612   3                              for(j = i; j < ERRORHISTORYNUM; j++)
 613   3                              {
 614   4                                      u8 k;
 615   4                                      for(k = 0; k < 5; k++)
 616   4                                              ErrorHistory[j][k] = 0;
 617   4                              }
 618   3                              break;
 619   3                      }
 620   2              }
 621   1      }
 622          
 623          void ErrorHistory_LoadFromFlash(void)
 624          {
 625   1              ErrorHistory_FlashRead(ErrorHistory_FlashVpAddr());
 626   1              ErrorHistory_Sanitize();
 627   1              ErrorHistoryDisplay();
 628   1      }
 629          
 630          void ErrorHistory_Sanitize(void)
 631          {
 632   1              unsigned char i, j, k;
 633   1      
 634   1              for(i = 0; i < ERRORHISTORYNUM; i++)
 635   1              {
 636   2                      if(!ErrorHistory_IsValidCode(ErrorHistory[i][4]))
 637   2                      {
 638   3                              for(j = i; j < ERRORHISTORYNUM; j++)
 639   3                              {
 640   4                                      for(k = 0; k < 5; k++)
 641   4                                              ErrorHistory[j][k] = 0;
 642   4                              }
 643   3                              break;
 644   3                      }
 645   2              }
 646   1      }
 647          
 648          void ErrorHistory_Init(void)
 649          {
 650   1              ErrorHistory_LoadFromFlash();
 651   1      }
 652          
 653          #if UNUSED_KEEP_CODE
              void ErrorHistory_Init_unused(void)
              {
                      ErrorHistory_Sanitize();
                      s_page = 0;
                      App_ErrorHistoryTryMigrateFlash();
                      App_ErrorHistoryDisplay();
              }
              #endif
 662          
 663          static unsigned char ErrorHistory_GetCount(void)
 664          {
 665   1              unsigned char i;
 666   1      
 667   1              for (i = 0; i < ERRORHISTORYNUM; i++)
 668   1              {
 669   2                      if (ErrorHistory[i][4] == 0)
 670   2                              break;
 671   2              }
 672   1              return i;
 673   1      }
C51 COMPILER V9.59.0.0   ERRORHISTORY                                                      07/10/2026 15:58:25 PAGE 12  

 674          
 675          static unsigned char ErrorHistory_GetMaxPage(void)
 676          {
 677   1              unsigned char count;
 678   1      
 679   1              count = ErrorHistory_GetCount();
 680   1              if (count == 0)
 681   1                      return 0;
 682   1              return (count - 1) / ERRORHISTORY_PAGE_SIZE;
 683   1      }
 684          
 685          void    UpdateErrorHistory(unsigned short NewError,unsigned char ErrorBuffNum)
 686          {
 687   1              static unsigned short   OldError[4] = {0};
 688   1              unsigned char   i,j,k;
 689   1              u8 time_rec[4];
 690   1              
 691   1              if(NewError != OldError[ErrorBuffNum])//检测到故障有变化F
 692   1              {
 693   2                      ErrorHistory_ReadTime(time_rec);
 694   2                      for(i=0;i<16;i++)
 695   2                      {
 696   3                              if(((NewError >> i) & 0x01) > ((OldError[ErrorBuffNum] >> i) & 0x01))//找到新产生的故障位置F
 697   3                              {
 698   4                                      for(j = ERRORHISTORYNUM - 1; j > 0; j--)
 699   4                                      {
 700   5                                              for(k=0;k<5;k++)
 701   5                                              {
 702   6                                                      ErrorHistory[j][k] = ErrorHistory[j-1][k];//将所有故障记录下移一行F
 703   6                                              }
 704   5                                      }
 705   4                                      for(k=0;k<4;k++)
 706   4                                      {
 707   5                                              ErrorHistory[0][k] = time_rec[k];
 708   5                                      }
 709   4                                      ErrorHistory[0][4] = UWOErrorCodeProcess(ErrorBuffNum*16+i+1);//写入最新一条故障F
 710   4                              }
 711   3                      }
 712   2                      OldError[ErrorBuffNum] = NewError;
 713   2                      Ready_To_Save();
 714   2                      upload_history_faults();
 715   2              }
 716   1      }
 717          void    ErrorHistoryDisplay(void)
 718          {
 719   1              unsigned char   i,j;
 720   1              unsigned char   rowIdx;
 721   1              unsigned short  ErrorHistoryDisplay_Temp[6]={0};
 722   1              
 723   1              for(i=0;i<ERRORHISTORY_PAGE_SIZE;i++)
 724   1              {
 725   2                      rowIdx = (unsigned char)(s_page * ERRORHISTORY_PAGE_SIZE + i);
 726   2                      if((rowIdx < ERRORHISTORYNUM) && ErrorHistory[rowIdx][4])
 727   2                      {
 728   3                              ErrorHistoryDisplay_Temp[0] = rowIdx + 1;
 729   3                              for(j=1;j<ERRORHISTORY_WORDS_PER_REC;j++)
 730   3                              {
 731   4                                      ErrorHistoryDisplay_Temp[j] = ErrorHistory[rowIdx][j-1];
 732   4                              }
 733   3                      }
 734   2                      else
 735   2                      {
C51 COMPILER V9.59.0.0   ERRORHISTORY                                                      07/10/2026 15:58:25 PAGE 13  

 736   3                              for(j=0;j<ERRORHISTORY_WORDS_PER_REC;j++)
 737   3                              {
 738   4                                      ErrorHistoryDisplay_Temp[j] = 0;
 739   4                              }
 740   3                      }
 741   2                      write_dgus_vp((u32)(ERRORHISTORY_VP_BASE + (i * ERRORHISTORY_WORDS_PER_REC)),(u8*)&ErrorHistoryDisplay_T
             -emp,ERRORHISTORY_WORDS_PER_REC);
 742   2              }
 743   1      }
 744          void    ErrorHistory_PageChange(unsigned short keyValue)
 745          {
 746   1              unsigned char maxPage;
 747   1      
 748   1              maxPage = ErrorHistory_GetMaxPage();
 749   1              if(keyValue == 1)
 750   1              {
 751   2                      if(s_page > 0)
 752   2                              s_page--;
 753   2              }
 754   1              else if(keyValue == 2)
 755   1              {
 756   2                      if(s_page < maxPage)
 757   2                              s_page++;
 758   2              }
 759   1              App_ErrorHistoryDisplay();
 760   1      }
 761          void    ErrorHistory_ResetPage(void)
 762          {
 763   1              s_page = 0;
 764   1      }
 765          void    ClearErrorHistory(void)
 766          {
 767   1              unsigned char   i,j;
 768   1              
 769   1              for(i=0;i<ERRORHISTORYNUM;i++)
 770   1              {
 771   2                      for(j=0;j<5;j++)
 772   2                      {
 773   3                              ErrorHistory[i][j] = 0;
 774   3                      }
 775   2              }
 776   1              s_page = 0;
 777   1              ErrorHistory_FlashCommitNow();
 778   1              upload_history_faults();
 779   1      }
 780          void    DecodeErrorHistory(void)
 781          {
 782   1              unsigned char   i;
 783   1              unsigned short  DecodeErrorHistory_Page;
 784   1              
 785   1              for(i=0;i<4;i++)
 786   1              {
 787   2                      UpdateErrorHistory(AllErrorBit[i],i);//四个寄存器轮询是否有新故障F
 788   2              }
 789   1              DecodeErrorHistory_Page = GetPageID();
 790   1              if((DecodeErrorHistory_Page==45)||(DecodeErrorHistory_Page==46)||(DecodeErrorHistory_Page==47)||(DecodeEr
             -rorHistory_Page==48)||(DecodeErrorHistory_Page==49))//在查询历史故障页面持续刷新F
 791   1              {
 792   2                      App_ErrorHistoryDisplay();
 793   2              }
 794   1      }
 795          unsigned char   UWOErrorCodeProcess(unsigned char       Code)
C51 COMPILER V9.59.0.0   ERRORHISTORY                                                      07/10/2026 15:58:25 PAGE 14  

 796          {
 797   1              return          Code;
 798   1      }


MODULE INFORMATION:   STATIC OVERLAYABLE
   CODE SIZE        =   3774    ----
   CONSTANT SIZE    =     12    ----
   XDATA SIZE       =    517     896
   PDATA SIZE       =   ----    ----
   DATA SIZE        =   ----    ----
   IDATA SIZE       =   ----    ----
   BIT SIZE         =   ----    ----
   EDATA SIZE       =   ----    ----
   HDATA SIZE       =   ----    ----
   XDATA CONST SIZE =   ----    ----
   FAR CONST SIZE   =   ----    ----
END OF MODULE INFORMATION.


C51 COMPILATION COMPLETE.  0 WARNING(S),  0 ERROR(S)
