C51 COMPILER V9.59.0.0   OTA                                                               07/10/2026 16:24:35 PAGE 1   


C51 COMPILER V9.59.0.0, COMPILATION OF MODULE OTA
OBJECT MODULE PLACED IN .\obj\OTA.obj
COMPILER INVOKED BY: D:\Keil_v5\C51\C51\BIN\C51.EXE OTA.c LARGE OMF2 OPTIMIZE(8,SPEED) BROWSE INCDIR(..\T5L51;.\mcu_sdk)
                    - DEBUG PRINT(.\Listings\OTA.lst) OBJECT(.\obj\OTA.obj)

line level    source

   1          #include "uart.h"
   2          #include "sys.h"
   3          #include "modbus.h"
   4          #include "wifi.h"
   5          #include "protocol.h"
   6          #include "OTA.h"
   7          
   8          typedef enum{
   9                  OTAEncode,
  10                  OTARecv,
  11                  OTADecode
  12          }OTAStepEnum;
  13          typedef enum{
  14                  SendStart,
  15                  SendData
  16          }OTASendStepEnum;
  17          typedef enum{
  18                  RecvIdle,
  19                  RecvHead,
  20                  RecvId,
  21                  RecvData
  22          }OTARecvStepEnum;
  23          
  24          #define OTA_BUFFSIZE   300
  25          #define  OTA_HEAD               0x5A
  26          #define  OTA_HOST               0xFA
  27          #define  OTA_SLAVE      0x01
  28          u8      OTA_ModbusStep;
  29          u8      OTA_ModbusSendStep;
  30          u8      OTA_ModbusRecvStep;
  31          u8      OTAStartSendTimes = 0;
  32          u16     OTAModbusRecvIndex = 0;
  33          u16     OTAModbusRecvDelay = 0;
  34          u8      OTAModbusRecvLenth = 0;
  35          bit     OTAReply = FALSE;
  36          bit     OTAStartReply = FALSE;
  37          bit TuyaOTAState = FALSE;
  38          bit     OTAReloading = TRUE;
  39          unsigned long OTAlength = 0;
  40          unsigned short TuyaOTADisConnectCnt = 0;
  41          
  42          void    OTAEncodePro(void);
  43          void    OTARecvPro(void);
  44          void    OTADecodePro(void);
  45          
  46          void OTAinit(void)
  47          {
  48   1              u16     i;
  49   1              for(i=0;i<OTA_BUFFSIZE;i++)
  50   1              {
  51   2                      Modbus_Buffer[i] = 0;
  52   2              }
  53   1              OTA_ModbusStep = OTAEncode;
  54   1              OTAStartSendTimes = 0;
C51 COMPILER V9.59.0.0   OTA                                                               07/10/2026 16:24:35 PAGE 2   

  55   1              TuyaOTADisConnectCnt = 0;
  56   1              OTAReply = FALSE;
  57   1              OTA_ModbusSendStep = SendStart;
  58   1              OTA_ModbusRecvStep = RecvIdle;
  59   1              OtaFirmSessionReset();
  60   1      }
  61          void OTA_ModbusPro(void)
  62          {
  63   1              switch(OTA_ModbusStep)
  64   1              {
  65   2                      case    OTAEncode:
  66   2                              OTAEncodePro();
  67   2                      break;
  68   2                      case    OTARecv:
  69   2                              OTARecvPro();
  70   2                      break;
  71   2                      case    OTADecode:
  72   2                              OTADecodePro();
  73   2                      break;
  74   2              }
  75   1      }
  76          void    OTAEncodePro(void)
  77          {
  78   1              u16 SendIndex = 0,Crc = 0,i = 0;
  79   1              if (!nUart5Sending)     
  80   1              {
  81   2                      if (Send_Count >= 150)//实测从主控回复完成到模块下发新一帧完毕需要约365ms
  82   2                      {
  83   3                              Modbus_Buffer[SendIndex++] = OTA_HEAD;
  84   3                              Modbus_Buffer[SendIndex++] = OTA_HOST;
  85   3                              Modbus_Buffer[SendIndex++] = OTA_SLAVE;
  86   3                              if(OTAStartSendTimes < 3)
  87   3                              {
  88   4                                      OTA_ModbusSendStep = SendStart;
  89   4                              }
  90   3                              else if(OTADataUpdate)
  91   3                              {
  92   4                                      OTA_ModbusSendStep = SendData;
  93   4                              }
  94   3                              else
  95   3                              {
  96   4                                      if(OTAStartSendTimes == 3)
  97   4                                      {
  98   5                                              OTAStartReply = TRUE;
  99   5                                              OTAStartSendTimes += 1;
 100   5                                      }
 101   4                                      return;
 102   4                              }
 103   3                              switch(OTA_ModbusSendStep)
 104   3                              {
 105   4                                      case    SendStart:
 106   4                                              OTAStartSendTimes += 1;
 107   4                                              Modbus_Buffer[SendIndex++] = 0x91;
 108   4                                              Modbus_Buffer[SendIndex++] = 0x13;
 109   4                                              Modbus_Buffer[SendIndex++] = 0x11;
 110   4                                              Modbus_Buffer[SendIndex++] = 0x11;
 111   4                                              Modbus_Buffer[SendIndex++] = 0x00;
 112   4                                              Modbus_Buffer[SendIndex++] = 0x11;
 113   4                                              Modbus_Buffer[SendIndex++] = (u8)(OTAlength>>24);
 114   4                                              Modbus_Buffer[SendIndex++] = (u8)(OTAlength>>16);
 115   4                                              Modbus_Buffer[SendIndex++] = (u8)(OTAlength>>8);
 116   4                                              Modbus_Buffer[SendIndex++] = (u8)OTAlength;
C51 COMPILER V9.59.0.0   OTA                                                               07/10/2026 16:24:35 PAGE 3   

 117   4                                              Modbus_Buffer[SendIndex++] = (u8)(OTAlength>>16);
 118   4                                              Modbus_Buffer[SendIndex++] = (u8)(OTAlength>>8);
 119   4                                              Modbus_Buffer[SendIndex++] = 0x55;
 120   4                                              Modbus_Buffer[SendIndex++] = 0xaa;
 121   4                                      break;
 122   4                                      case    SendData:
 123   4                                              Modbus_Buffer[SendIndex++] = 0x96;
 124   4                                              Modbus_Buffer[SendIndex++] = 137;//(256/2)+2+7
 125   4                                              Modbus_Buffer[SendIndex++] = (u8)(PackageNum>>8);
 126   4                                              Modbus_Buffer[SendIndex++] = (u8)PackageNum;
 127   4                                              for(i=0;i<256;i++)
 128   4                                              {
 129   5                                                      Modbus_Buffer[SendIndex++] = OTAdataindex[i];
 130   5                                              }
 131   4                                      break;
 132   4                              }
 133   3                              Crc = CalculateModbusCrc(Modbus_Buffer+1,SendIndex-1);
 134   3                              Modbus_Buffer[SendIndex++] = (unsigned char)Crc;
 135   3                              Modbus_Buffer[SendIndex++] = (unsigned char)(Crc>>8);
 136   3                              UART5_SendStr(Modbus_Buffer,SendIndex);
 137   3                              OTA_ModbusStep = OTARecv;
 138   3                      }
 139   2              }
 140   1      }
 141          void    OTARecvPro(void)
 142          {
 143   1              if((modbus_res_finish)||(OTA_ModbusSendStep == SendStart))
 144   1              {
 145   2                      modbus_res_finish = FALSE;
 146   2                      OTAModbusRecvLenth = Uart5_Rx[4];
 147   2                      OTA_ModbusStep = OTADecode;
 148   2              }
 149   1      }
 150          void    OTADecodePro(void)
 151          {
 152   1              xdata u16 Crc = 0;
 153   1              Crc = CalculateModbusCrc((Uart5_Rx+1),OTAModbusRecvLenth-3);
 154   1              if((Uart5_Rx[OTAModbusRecvLenth-2] != (unsigned char)Crc)||(Uart5_Rx[OTAModbusRecvLenth-1] != (unsigned c
             -har)(Crc>>8)))
 155   1              {
 156   2                      OTAModbusRecvLenth = 0;
 157   2                      OTA_ModbusStep = OTAEncode;
 158   2                      return;
 159   2              }
 160   1              if(((u8)(PackageNum>>8) == Uart5_Rx[5])&&((u8)PackageNum == Uart5_Rx[6])&&(!Uart5_Rx[7])&&(!Uart5_Rx[8]))
 161   1              {
 162   2                      OTAReply = TRUE;
 163   2                      OTADataUpdate = FALSE;
 164   2              }
 165   1              OTAModbusRecvLenth = 0;
 166   1              OTA_ModbusStep = OTAEncode;
 167   1      }


MODULE INFORMATION:   STATIC OVERLAYABLE
   CODE SIZE        =   1129    ----
   CONSTANT SIZE    =   ----    ----
   XDATA SIZE       =     15       4
   PDATA SIZE       =   ----    ----
   DATA SIZE        =   ----    ----
   IDATA SIZE       =   ----    ----
   BIT SIZE         =      4    ----
C51 COMPILER V9.59.0.0   OTA                                                               07/10/2026 16:24:35 PAGE 4   

   EDATA SIZE       =   ----    ----
   HDATA SIZE       =   ----    ----
   XDATA CONST SIZE =   ----    ----
   FAR CONST SIZE   =   ----    ----
END OF MODULE INFORMATION.


C51 COMPILATION COMPLETE.  0 WARNING(S),  0 ERROR(S)
