C51 COMPILER V9.59.0.0   SYSTEM                                                            06/30/2026 14:47:53 PAGE 1   


C51 COMPILER V9.59.0.0, COMPILATION OF MODULE SYSTEM
OBJECT MODULE PLACED IN .\obj\system.obj
COMPILER INVOKED BY: D:\Keil_v5\C51\C51\BIN\C51.EXE system.c LARGE OPTIMIZE(8,SPEED) BROWSE INCDIR(..\T5L51;.\mcu_sdk) D
                    -EBUG OBJECTEXTEND PRINT(.\Listings\system.lst) OBJECT(.\obj\system.obj)

line level    source

   1          /**********************************Copyright (c)**********************************
   2          **                       зүҲжқғжүҖжңү (C), 2015-2020, ж¶ӮйёҰз§‘жҠҖ
   3          **
   4          **                             http://www.tuya.com
   5          **
   6          *********************************************************************************/
   7          /**
   8           * @file    system.c
   9           * @author  ж¶ӮйёҰз»јеҗҲеҚҸи®®ејҖеҸ‘з»„
  10           * @version v2.5.6
  11           * @date    2020.12.16
  12           * @brief   дёІеҸЈж•°жҚ®еӨ„зҗҶпјҢз”ЁжҲ·ж— йңҖе…іеҝғиҜҘж–Үд»¶е®һзҺ°еҶ…е®№
  13           */
  14          
  15          /****************************** е…ҚиҙЈеЈ°жҳҺ пјҒпјҒпјҒ *******************************
  16          з”ұдәҺMCUзұ»еһӢе’Ңзј–иҜ‘зҺҜеўғеӨҡз§ҚеӨҡж ·пјҢжүҖд»ҘжӯӨд»Јз Ғд»…дҫӣеҸӮиҖғпјҢз”ЁжҲ·иҜ·иҮӘиЎҢжҠҠжҺ§жңҖз»Ҳд»Јз
             - ҒиҙЁйҮҸпјҢ
  17          ж¶ӮйёҰдёҚеҜ№MCUеҠҹиғҪз»“жһңиҙҹиҙЈгҖӮ
  18          ******************************************************************************/
  19          
  20          #define SYSTEM_GLOBAL
  21          
  22          #include "wifi.h"
  23          #include "uart.h"
  24          
  25          extern const DOWNLOAD_CMD_S download_cmd[];
  26          
  27          
  28          
  29          /**
  30           * @brief  еҶҷwifi_uartеӯ—иҠӮ
  31           * @param[in] {dest} зј“еӯҳеҢәе…¶е®һең°еқҖ
  32           * @param[in] {byte} еҶҷе…Ҙеӯ—иҠӮеҖј
  33           * @return еҶҷе…Ҙе®ҢжҲҗеҗҺзҡ„жҖ»й•ҝеәҰ
  34           */
  35          unsigned short set_wifi_uart_byte(unsigned short dest, unsigned char byte)
  36          {
  37   1          unsigned char *obj = (unsigned char *)wifi_uart_tx_buf + DATA_START + dest;
  38   1          
  39   1          *obj = byte;
  40   1          dest += 1;
  41   1          
  42   1          return dest;
  43   1      }
  44          
  45          /**
  46           * @brief  еҶҷwifi_uart_buffer
  47           * @param[in] {dest} зӣ®ж Үең°еқҖ
  48           * @param[in] {src} жәҗең°еқҖ
  49           * @param[in] {len} ж•°жҚ®й•ҝеәҰ
  50           * @return еҶҷе…Ҙз»“жқҹзҡ„зј“еӯҳең°еқҖ
  51           */
  52          unsigned short set_wifi_uart_buffer(unsigned short dest, const unsigned char *src, unsigned short len)
  53          {
C51 COMPILER V9.59.0.0   SYSTEM                                                            06/30/2026 14:47:53 PAGE 2   

  54   1          unsigned char *obj = (unsigned char *)wifi_uart_tx_buf + DATA_START + dest;
  55   1          
  56   1          my_memcpy(obj,src,len);
  57   1          
  58   1          dest += len;
  59   1          return dest;
  60   1      }
  61          
  62          /**
  63           * @brief  и®Ўз®—ж ЎйӘҢе’Ң
  64           * @param[in] {pack} ж•°жҚ®жәҗжҢҮй’Ҳ
  65           * @param[in] {pack_len} и®Ўз®—ж ЎйӘҢе’Ңй•ҝеәҰ
  66           * @return ж ЎйӘҢе’Ң
  67           */
  68          unsigned char get_check_sum(unsigned char *pack, unsigned short pack_len)
  69          {
  70   1          unsigned short i;
  71   1          unsigned char check_sum = 0;
  72   1          
  73   1          for(i = 0; i < pack_len; i ++) {
  74   2              check_sum += *pack ++;
  75   2          }
  76   1          
  77   1          return check_sum;
  78   1      }
  79          
  80          /**
  81           * @brief  дёІеҸЈеҸ‘йҖҒдёҖж®өж•°жҚ®
  82           * @param[in] {in} еҸ‘йҖҒзј“еӯҳжҢҮй’Ҳ
  83           * @param[in] {len} ж•°жҚ®еҸ‘йҖҒй•ҝеәҰ
  84           * @return Null
  85           */
  86          static void wifi_uart_write_data(unsigned char *in, unsigned short len)
  87          {
  88   1          if((NULL == in) || (0 == len)) {
  89   2              return;
  90   2          }
  91   1          
  92   1          while(len --) {
  93   2              uart_transmit_output(*in);
  94   2              in ++;
  95   2          }
  96   1      }
  97          
  98          /**
  99           * @brief  еҗ‘wifiдёІеҸЈеҸ‘йҖҒдёҖеё§ж•°жҚ®
 100           * @param[in] {fr_type} её§зұ»еһӢ
 101           * @param[in] {fr_ver} её§зүҲжң¬
 102           * @param[in] {len} ж•°жҚ®й•ҝеәҰ
 103           * @return Null
 104           */
 105          void wifi_uart_write_frame(unsigned char fr_type, unsigned char fr_ver, unsigned short len)
 106          {
 107   1          unsigned char check_sum = 0;
 108   1          
 109   1          wifi_uart_tx_buf[HEAD_FIRST] = 0x55;
 110   1          wifi_uart_tx_buf[HEAD_SECOND] = 0xaa;
 111   1          wifi_uart_tx_buf[PROTOCOL_VERSION] = fr_ver;
 112   1          wifi_uart_tx_buf[FRAME_TYPE] = fr_type;
 113   1          wifi_uart_tx_buf[LENGTH_HIGH] = len >> 8;
 114   1          wifi_uart_tx_buf[LENGTH_LOW] = len & 0xff;
 115   1          
C51 COMPILER V9.59.0.0   SYSTEM                                                            06/30/2026 14:47:53 PAGE 3   

 116   1          len += PROTOCOL_HEAD;
 117   1          check_sum = get_check_sum((unsigned char *)wifi_uart_tx_buf, len - 1);
 118   1          wifi_uart_tx_buf[len - 1] = check_sum;
 119   1          
 120   1              wifi_uart_write_data((unsigned char *)wifi_uart_tx_buf, len);
 121   1      }
 122          
 123          /**
 124           * @brief  еҝғи·іеҢ…жЈҖжөӢ
 125           * @param  Null
 126           * @return Null
 127           */
 128          static void heat_beat_check(void)
 129          {
 130   1          unsigned char length = 0;
 131   1          static unsigned char mcu_reset_state = FALSE;
 132   1          
 133   1          if(FALSE == mcu_reset_state) {
 134   2              length = set_wifi_uart_byte(length, FALSE);
 135   2              mcu_reset_state = TRUE;
 136   2          }else {
 137   2              length = set_wifi_uart_byte(length, TRUE);
 138   2          }
 139   1          
 140   1          wifi_uart_write_frame(HEAT_BEAT_CMD, MCU_TX_VER, length);
 141   1      }
 142          
 143          /**
 144           * @brief  дә§е“ҒдҝЎжҒҜдёҠдј 
 145           * @param  Null
 146           * @return Null
 147           */
 148          static void product_info_update(void)
 149          {
 150   1          unsigned char length = 0;
 151   1          unsigned char str[10] = {0};
 152   1          
 153   1              int reset_flag = 1;
 154   1          length = set_wifi_uart_buffer(length, "{\"p\":\"", my_strlen("{\"p\":\""));
 155   1          length = set_wifi_uart_buffer(length,(unsigned char *)PRODUCT_KEY,my_strlen((unsigned char *)PRODUCT_K
             -EY));
 156   1          length = set_wifi_uart_buffer(length, "\",\"v\":\"", my_strlen("\",\"v\":\""));
 157   1          length = set_wifi_uart_buffer(length,(unsigned char *)MCU_VER,my_strlen((unsigned char *)MCU_VER));
 158   1          length = set_wifi_uart_buffer(length, "\",\"m\":", my_strlen("\",\"m\":"));
 159   1          length = set_wifi_uart_buffer(length, (unsigned char *)CONFIG_MODE, my_strlen((unsigned char *)CONFIG_
             -MODE));
 160   1      #ifdef CONFIG_MODE_DELAY_TIME
                  sprintf((char *)str,",\"mt\":%d",CONFIG_MODE_DELAY_TIME);
                  length = set_wifi_uart_buffer(length, str, my_strlen(str));
              #endif
 164   1      #ifdef CONFIG_MODE_CHOOSE
                  sprintf((char *)str,",\"n\":%d",CONFIG_MODE_CHOOSE);
                  length = set_wifi_uart_buffer(length, str, my_strlen(str));
              #endif
 168   1      #ifdef ENABLE_MODULE_IR_FUN
                  sprintf((char *)str,",\"ir\":\"%d.%d\"",MODULE_IR_PIN_TX,MODULE_IR_PIN_RX);
                  length = set_wifi_uart_buffer(length, str, my_strlen(str));
              #endif
 172   1      #ifdef LONG_CONN_LOWPOWER
                  sprintf((char *)str,",\"low\":%d",LONG_CONN_LOWPOWER);
                  length = set_wifi_uart_buffer(length, str, my_strlen(str));
              #endif
C51 COMPILER V9.59.0.0   SYSTEM                                                            06/30/2026 14:47:53 PAGE 4   

 176   1        
 177   1          length = set_wifi_uart_buffer(length, "}", my_strlen("}"));
 178   1          
 179   1      //    if(!OTAReloading)
 180   1      //              {
 181   1                              wifi_uart_write_frame(PRODUCT_INFO_CMD, MCU_TX_VER, length);
 182   1      //              }
 183   1      }
 184          
 185          /**
 186           * @brief  mcuжҹҘиҜўmcuе’Ңwifiзҡ„е·ҘдҪңжЁЎејҸ
 187           * @param  Null
 188           * @return Null
 189           */
 190          static void get_mcu_wifi_mode(void)
 191          {
 192   1          unsigned char length = 0;
 193   1          
 194   1      #ifdef WIFI_CONTROL_SELF_MODE                                   //жЁЎеқ—иҮӘеӨ„зҗҶ
                  length = set_wifi_uart_byte(length, WF_STATE_KEY);
                  length = set_wifi_uart_byte(length, WF_RESERT_KEY);
              #else                                                           
 198   1          //No need to process data
 199   1      #endif
 200   1          
 201   1          wifi_uart_write_frame(WORK_MODE_CMD, MCU_TX_VER, length);
 202   1      }
 203          
 204          /**
 205           * @brief  иҺ·еҸ–еҲ¶е®ҡDPIDеңЁж•°з»„дёӯзҡ„еәҸеҸ·
 206           * @param[in] {dpid} dpid
 207           * @return dpеәҸеҸ·
 208           */
 209          static unsigned char get_dowmload_dpid_index(unsigned char dpid)
 210          {
 211   1          unsigned char index;
 212   1          unsigned char total = get_download_cmd_total();
 213   1          
 214   1          for(index = 0; index < total; index ++) {
 215   2              if(download_cmd[index].dp_id == dpid) {
 216   3                  break;
 217   3              }
 218   2          }
 219   1          
 220   1          return index;
 221   1      }
 222          
 223          /**
 224           * @brief  дёӢеҸ‘ж•°жҚ®еӨ„зҗҶ
 225           * @param[in] {value} дёӢеҸ‘ж•°жҚ®жәҗжҢҮй’Ҳ
 226           * @return иҝ”еӣһж•°жҚ®еӨ„зҗҶз»“жһң
 227           */
 228          //unsigned long OTAlength = 0;
 229          static unsigned char data_point_handle(const unsigned char value[])
 230          {
 231   1          unsigned char dp_id,index;
 232   1          unsigned char dp_type;
 233   1          unsigned char ret;
 234   1          unsigned short dp_len;
 235   1          
 236   1          dp_id = value[0];
 237   1          dp_type = value[1];
C51 COMPILER V9.59.0.0   SYSTEM                                                            06/30/2026 14:47:53 PAGE 5   

 238   1          dp_len = value[2] * 0x100;
 239   1          dp_len += value[3];
 240   1          
 241   1          index = get_dowmload_dpid_index(dp_id);
 242   1      
 243   1          if(index >= get_download_cmd_total())
 244   1              return FALSE;
 245   1          if(dp_type != download_cmd[index].dp_type)
 246   1              return FALSE;
 247   1          ret = dp_download_handle(dp_id,value + 4,dp_len);
 248   1          
 249   1          return ret;
 250   1      }
 251          
 252          #ifdef WEATHER_ENABLE
              /**
               * @brief  еӨ©ж°”ж•°жҚ®и§Јжһҗ
               * @param[in] {p_data} жҺҘж”¶ж•°жҚ®жҢҮй’Ҳ
               * @param[in] {data_len} жҺҘж”¶ж•°жҚ®й•ҝеәҰ
               * @return Null
               */
              static void weather_data_raw_handle(const unsigned char p_data[], unsigned short data_len)
              {
                  int i = 1;
                  int can_len = 0; 
                  char can[15] = {0};
                  char day = 0;
                  int type1 = 0;
                  unsigned char value_string[100] = {0};
                  int val_cnt = 0;
                  int val_len = 0;
                  
                  if(p_data[0] != 1 || data_len < 1) {
                      //жҺҘж”¶еӨұиҙҘ
                  }else {
                      if(data_len < 4) {
                          //ж•°жҚ®дёәз©ә
                      }
                      
                      while (i < data_len) {
                          can_len = p_data[i];
                          
                          my_memset(can, '\0', 15);
                          my_memcpy(can, p_data + i + 1, can_len - 2);
              
                          day = p_data[i + can_len] - '0';
              
                          type1 = p_data[i + 1 + can_len];
                          if(type1 != 0 && type1 != 1) {
                              return;
                          }
              
                          my_memset(value_string, '\0', 100);
                          val_cnt = i + 1 + can_len + 1;
                          val_len = p_data[val_cnt];
                          if (type1 == 0) { //int32
                              weather_data_user_handle(can+2, type1, p_data+val_cnt+1, day);
                          }
                          else if(type1 == 1) { //string
                              my_memcpy(value_string, p_data + val_cnt + 1, val_len);
                              weather_data_user_handle(can+2, type1, value_string, day);
                          }
C51 COMPILER V9.59.0.0   SYSTEM                                                            06/30/2026 14:47:53 PAGE 6   

              
                          i += 1 + can_len + 1 + 1 + val_len;
                      }
                      
                      wifi_uart_write_frame(WEATHER_DATA_CMD, 0, 0);
                  }
              }
              #endif
 308          
 309          #ifdef WIFI_STREAM_ENABLE
              /**
               * @brief  жөҒж•°жҚ®дј иҫ“
               * @param[in] {id} жөҒжңҚеҠЎж ҮиҜҶ
               * @param[in] {offset} еҒҸз§»йҮҸ
               * @param[in] {buffer} ж•°жҚ®ең°еқҖ
               * @param[in] {buf_len} ж•°жҚ®й•ҝеәҰ
               * @return Null
               * @note   Null
               */
              unsigned char stream_trans(unsigned short id, unsigned int offset, unsigned char *buffer, unsigned short b
             -uf_len)
              {
                  unsigned short send_len = 0;
              
                  stream_status = 0xff;
              
                  if(stop_update_flag == ENABLE)
                      return ERROR;
              
                  //ID
                  send_len = set_wifi_uart_byte(send_len,id / 0x100);
                  send_len = set_wifi_uart_byte(send_len,id % 0x100);
                  //Offset
                  send_len = set_wifi_uart_byte(send_len,offset >> 24);
                  send_len = set_wifi_uart_byte(send_len,offset >> 16);
                  send_len = set_wifi_uart_byte(send_len,offset >> 8);
                  send_len = set_wifi_uart_byte(send_len,offset % 256);
                  //data
                  send_len = set_wifi_uart_buffer(send_len, buffer, buf_len);
                  wifi_uart_write_frame(STREAM_TRANS_CMD, MCU_TX_VER, send_len);
                  return SUCCESS;
              }
              
              /**
               * @brief  еӨҡең°еӣҫжөҒж•°жҚ®дј иҫ“
               * @param[in] {pro_ver} ең°еӣҫжңҚеҠЎеҚҸи®®зүҲжң¬
               * @param[in] {id} ең°еӣҫжөҒжңҚеҠЎдјҡиҜқID
               * @param[in] {sub_id} еӯҗең°еӣҫID
               * @param[in] {sub_id_pro_mode} еӯҗең°еӣҫIDж•°жҚ®еӨ„зҗҶж–№ејҸ
               * @ref           0x00:з»§з»ӯзҙҜеҠ 
               * @ref           0x00:жё…йҷӨдёҠдј зҡ„ж•°жҚ®
               * @param[in] {offset} еҒҸз§»йҮҸ
               * @param[in] {buffer} ж•°жҚ®ең°еқҖ
               * @param[in] {buf_len} ж•°жҚ®й•ҝеәҰ
               * @return Null
               * @note   Null
               */
              unsigned char maps_stream_trans(unsigned char pro_ver, unsigned short id, unsigned char sub_id, unsigned c
             -har sub_id_pro_mode, 
                                              unsigned int offset, unsigned char *buffer, unsigned short buf_len)
              {
                  unsigned short send_len = 0;
C51 COMPILER V9.59.0.0   SYSTEM                                                            06/30/2026 14:47:53 PAGE 7   

              
                  maps_stream_status = 0xff;
              
                  if(stop_update_flag == ENABLE)
                      return ERROR;
              
                  //ең°еӣҫжңҚеҠЎеҚҸи®®зүҲжң¬
                  send_len = set_wifi_uart_byte(send_len, pro_ver);
                  
                  //ең°еӣҫжөҒжңҚеҠЎдјҡиҜқID
                  send_len = set_wifi_uart_byte(send_len,id / 0x100);
                  send_len = set_wifi_uart_byte(send_len,id % 0x100);
                  
                  //еӯҗең°еӣҫID
                  send_len = set_wifi_uart_byte(send_len, sub_id);
                  
                  //еӯҗең°еӣҫIDж•°жҚ®еӨ„зҗҶж–№ејҸ
                  send_len = set_wifi_uart_byte(send_len, sub_id_pro_mode);
                  
                  //еҒҸз§»йҮҸ
                  send_len = set_wifi_uart_byte(send_len,offset >> 24);
                  send_len = set_wifi_uart_byte(send_len,offset >> 16);
                  send_len = set_wifi_uart_byte(send_len,offset >> 8);
                  send_len = set_wifi_uart_byte(send_len,offset % 256);
                  //Data
                  send_len = set_wifi_uart_buffer(send_len, buffer, buf_len);
                  wifi_uart_write_frame(MAPS_STREAM_TRANS_CMD, MCU_TX_VER, send_len);
                  return SUCCESS;
              }
              #endif
 390          
 391          /**
 392           * @brief  ж•°жҚ®её§еӨ„зҗҶ
 393           * @param[in] {offset} ж•°жҚ®иө·е§ӢдҪҚ
 394           * @return Null
 395           */
 396          void data_handle(unsigned short offset)
 397          {
 398   1      #ifdef SUPPORT_MCU_FIRM_UPDATE
 399   1          unsigned char *firmware_addr = NULL;
 400   1          static unsigned short firm_size;                                            //еҚҮзә§еҢ…дёҖеҢ…зҡ„еӨ§е°Ҹ
 401   1          static unsigned long firm_length;                                           //MCUеҚҮзә§ж–Үд»¶й•ҝеәҰ
 402   1          static unsigned char firm_update_flag = 0;                                  //MCUеҚҮзә§ж Үеҝ—
 403   1          unsigned long dp_len;
 404   1          unsigned char firm_flag;                                                    //еҚҮзә§еҢ…еӨ§е°Ҹж Үеҝ—
 405   1      #else
                  unsigned short dp_len;
              #endif
 408   1        
 409   1          unsigned char ret;
 410   1          unsigned short i,total_len;
 411   1          unsigned char cmd_type = wifi_data_process_buf[offset + FRAME_TYPE];
 412   1          unsigned char result;
 413   1      
 414   1      #ifdef WEATHER_ENABLE
                  static unsigned char isWoSend = 0;                                          //жҳҜеҗҰе·Із»Ҹжү“ејҖиҝҮеӨ©
             -ж°”ж•°жҚ®, 0:еҗҰ  1:жҳҜ
              #endif
 417   1      
 418   1      #ifdef WIFI_TEST_ENABLE
 419   1          unsigned char rssi;
 420   1      #endif
C51 COMPILER V9.59.0.0   SYSTEM                                                            06/30/2026 14:47:53 PAGE 8   

 421   1      
 422   1      #ifdef FILE_DOWNLOAD_ENABLE
 423   1          unsigned char *file_data_addr = NULL;
 424   1          static unsigned short file_package_size = 0;                                //ж–Үд»¶ж•°жҚ®еҢ…дёҖеҢ…зҡ„
             -еӨ§е°Ҹ
 425   1          static unsigned char file_download_flag = 0;                                //ж–Үд»¶дёӢиҪҪж Үеҝ—
 426   1          unsigned int file_download_size = 0;
 427   1      #endif
 428   1      
 429   1          wifi_rx_last_cmd = cmd_type;
 430   1          wifi_rx_frame_ok_count++;
 431   1      
 432   1          switch(cmd_type)
 433   1          {
 434   2              case HEAT_BEAT_CMD:                                     //еҝғи·іеҢ…
 435   2                  heat_beat_check();
 436   2              break;
 437   2          
 438   2              case PRODUCT_INFO_CMD:                                  //дә§е“ҒдҝЎжҒҜ
 439   2                  product_info_update();
 440   2              break;
 441   2          
 442   2              case WORK_MODE_CMD:                                     //жҹҘиҜўMCUи®ҫе®ҡзҡ„жЁЎеқ—е·ҘдҪңжЁЎејҸ
 443   2                  get_mcu_wifi_mode();
 444   2              break;
 445   2          
 446   2      #ifndef WIFI_CONTROL_SELF_MODE
 447   2              case WIFI_STATE_CMD:                                    //wifiе·ҘдҪңзҠ¶жҖҒ
 448   2                  {
 449   3                      static unsigned char s_last_wifi_state = 0xFF;
 450   3                      unsigned char new_state;
 451   3      
 452   3                      new_state = wifi_data_process_buf[offset + DATA_START];
 453   3                      wifi_work_state = new_state;
 454   3                      if(new_state != s_last_wifi_state)
 455   3                          s_last_wifi_state = new_state;
 456   3                      wifi_uart_write_frame(WIFI_STATE_CMD, MCU_TX_VER, 0);
 457   3                  }
 458   2      #ifdef WEATHER_ENABLE
                          if(wifi_work_state == WIFI_CONNECTED && isWoSend == 0) { //еҪ“WIFIиҝһжҺҘжҲҗеҠҹпјҢжү“ејҖеӨ©ж°”ж
             -•°жҚ®дё”д»…дёҖж¬Ў
                              mcu_open_weather();
                              isWoSend = 1;
                          }
              #endif
 464   2              break;
 465   2      
 466   2              case WIFI_RESET_CMD:                                    //йҮҚзҪ®wifi(wifiиҝ”еӣһжҲҗеҠҹ)
 467   2                  reset_wifi_flag = RESET_WIFI_SUCCESS;
 468   2              break;
 469   2          
 470   2              case WIFI_MODE_CMD:                                     //йҖүжӢ©smartconfig/APжЁЎејҸ(wifiиҝ”еӣһжҲҗ
             -еҠҹ)        
 471   2                  set_wifimode_flag = SET_WIFICONFIG_SUCCESS;
 472   2              break;
 473   2      #endif
 474   2          
 475   2              case DATA_QUERT_CMD:                                    //е‘Ҫд»ӨдёӢеҸ‘
 476   2                  wifi_rx_cmd6_count++;
 477   2                  total_len = (wifi_data_process_buf[offset + LENGTH_HIGH] << 8) | wifi_data_process_buf[offset 
             -+ LENGTH_LOW];
 478   2                  if(total_len >= 4)
C51 COMPILER V9.59.0.0   SYSTEM                                                            06/30/2026 14:47:53 PAGE 9   

 479   2                      printf("[APP] cmd6 dpid=%bu len=%u\r\n",
 480   2                          wifi_data_process_buf[offset + DATA_START],
 481   2                          (u16)total_len);
 482   2                  for(i = 0;i < total_len; ) {
 483   3                      dp_len = wifi_data_process_buf[offset + DATA_START + i + 2] * 0x100;
 484   3                      dp_len += wifi_data_process_buf[offset + DATA_START + i + 3];
 485   3                      //
 486   3                      ret = data_point_handle((unsigned char *)wifi_data_process_buf + offset + DATA_START + i);
 487   3            
 488   3                      if(SUCCESS == ret) {
 489   4                          //жҲҗеҠҹжҸҗзӨә
 490   4                      }else {
 491   4                          //й”ҷиҜҜжҸҗзӨә
 492   4                      }
 493   3            
 494   3                      i += (dp_len + 4);
 495   3                  }
 496   2              break;
 497   2          
 498   2              case STATE_QUERY_CMD:                                   //зҠ¶жҖҒжҹҘиҜў
 499   2                  wifi_rx_cmd8_count++;
 500   2                  all_data_update();
 501   2              break;
 502   2          
 503   2      #ifdef SUPPORT_MCU_FIRM_UPDATE
 504   2              case UPDATE_START_CMD:                                  //еҚҮзә§ејҖе§Ӣ
 505   2                  //иҺ·еҸ–еҚҮзә§еҢ…еӨ§е°Ҹе…ЁеұҖеҸҳйҮҸ
 506   2                  firm_flag = PACKAGE_SIZE;
 507   2                  if(firm_flag == 0) {
 508   3                      firm_size = 256;
 509   3                  }else if(firm_flag == 1) {
 510   3                      firm_size = 512;
 511   3                  }else if(firm_flag == 2) { 
 512   3                      firm_size = 1024;
 513   3                  }
 514   2      
 515   2                  firm_length = wifi_data_process_buf[offset + DATA_START];
 516   2                  firm_length <<= 8;
 517   2                  firm_length |= wifi_data_process_buf[offset + DATA_START + 1];
 518   2                  firm_length <<= 8;
 519   2                  firm_length |= wifi_data_process_buf[offset + DATA_START + 2];
 520   2                  firm_length <<= 8;
 521   2                  firm_length |= wifi_data_process_buf[offset + DATA_START + 3];
 522   2                  
 523   2      //            TuyaOTADisConnectCnt = 0;
 524   2      //                                              TuyaOTAState = TRUE;
 525   2      //                                              OTAlength = firm_length;
 526   2      //                                              if(OTAStartReply)
 527   2      //                                              {
 528   2      //                                                      OTAStartReply = FALSE;
 529   2      //                                                      upgrade_package_choose(PACKAGE_SIZE);
 530   2      //                                              }
 531   2                              upgrade_package_choose(PACKAGE_SIZE);
 532   2                  firm_update_flag = UPDATE_START_CMD;
 533   2              break;
 534   2          
 535   2              case UPDATE_TRANS_CMD:                                  //еҚҮзә§дј иҫ“
 536   2                  if(firm_update_flag == UPDATE_START_CMD) {
 537   3                      //еҒңжӯўдёҖеҲҮж•°жҚ®дёҠжҠҘ
 538   3                      stop_update_flag = ENABLE;
 539   3            
 540   3                      total_len = (wifi_data_process_buf[offset + LENGTH_HIGH] << 8) | wifi_data_process_buf[off
C51 COMPILER V9.59.0.0   SYSTEM                                                            06/30/2026 14:47:53 PAGE 10  

             -set + LENGTH_LOW];
 541   3            
 542   3                      dp_len = wifi_data_process_buf[offset + DATA_START];
 543   3                      dp_len <<= 8;
 544   3                      dp_len |= wifi_data_process_buf[offset + DATA_START + 1];
 545   3                      dp_len <<= 8;
 546   3                      dp_len |= wifi_data_process_buf[offset + DATA_START + 2];
 547   3                      dp_len <<= 8;
 548   3                      dp_len |= wifi_data_process_buf[offset + DATA_START + 3];
 549   3            
 550   3                      firmware_addr = (unsigned char *)wifi_data_process_buf;
 551   3                      firmware_addr += (offset + DATA_START + 4);
 552   3            
 553   3      //                                                              TuyaOTADisConnectCnt = 0;
 554   3                                                              
 555   3                      if((total_len == 4) && (dp_len == firm_length)) {
 556   4                          //жңҖеҗҺдёҖеҢ…
 557   4                          ret = mcu_firm_update_handle(firmware_addr,dp_len,0);
 558   4      //                                                                              TuyaOTAState = FALSE;
 559   4                          firm_update_flag = 0;
 560   4                      }else if((total_len - 4) <= firm_size) {
 561   4                          ret = mcu_firm_update_handle(firmware_addr,dp_len,total_len - 4);
 562   4                      }else {
 563   4                          firm_update_flag = 0;
 564   4                          ret = ERROR;
 565   4                      }
 566   3            
 567   3      //                if((ret == SUCCESS)&&(OTAReply)) {
 568   3                                      if(ret == SUCCESS) {
 569   4                          wifi_uart_write_frame(UPDATE_TRANS_CMD, MCU_TX_VER, 0);
 570   4      //                                                                              OTAReply = FALSE;
 571   4                      }
 572   3                      //жҒўеӨҚдёҖеҲҮж•°жҚ®дёҠжҠҘ
 573   3                      stop_update_flag = DISABLE;
 574   3                  }
 575   2              break;
 576   2      #endif      
 577   2      
 578   2      #ifdef SUPPORT_GREEN_TIME
                      case GET_ONLINE_TIME_CMD:                               //иҺ·еҸ–ж јжһ—ж—¶й—ҙ
                          mcu_get_greentime((unsigned char *)(wifi_data_process_buf + offset + DATA_START));
                      break;
              #endif
 583   2      
 584   2      #ifdef SUPPORT_MCU_RTC_CHECK
                      case GET_LOCAL_TIME_CMD:                               //иҺ·еҸ–жң¬ең°ж—¶й—ҙ
                          mcu_write_rtctime((unsigned char *)(wifi_data_process_buf + offset + DATA_START));
                      break;
              #endif
 589   2       
 590   2      #ifdef WIFI_TEST_ENABLE
 591   2              case WIFI_TEST_CMD:                                     //wifiеҠҹиғҪжөӢиҜ•пјҲжү«жҸҸжҢҮе®ҡи·Ҝз”ұпјү
 592   2                  result = wifi_data_process_buf[offset + DATA_START];
 593   2                  rssi = wifi_data_process_buf[offset + DATA_START + 1];
 594   2                  wifi_test_result(result, rssi);
 595   2              break;
 596   2      #endif
 597   2      
 598   2      #ifdef WEATHER_ENABLE
                      case WEATHER_OPEN_CMD:                                  //жү“ејҖеӨ©ж°”жңҚеҠЎиҝ”еӣһ
                          weather_open_return_handle(wifi_data_process_buf[offset + DATA_START], wifi_data_process_buf[o
             -ffset + DATA_START + 1]);
C51 COMPILER V9.59.0.0   SYSTEM                                                            06/30/2026 14:47:53 PAGE 11  

                      break;
                  
                      case WEATHER_DATA_CMD:                                  //еӨ©ж°”ж•°жҚ®дёӢеҸ‘
                          total_len = (wifi_data_process_buf[offset + LENGTH_HIGH] << 8) | wifi_data_process_buf[offset 
             -+ LENGTH_LOW];
                          weather_data_raw_handle((unsigned char *)wifi_data_process_buf + offset + DATA_START, total_le
             -n);
                      break;
              #endif
 608   2      
 609   2      #ifdef WIFI_STREAM_ENABLE
                      case STREAM_TRANS_CMD:                                  //жөҒжңҚеҠЎ
                          stream_status = wifi_data_process_buf[offset + DATA_START];//жөҒжңҚеҠЎдј иҫ“иҝ”еӣһжҺҘж”¶
                          stream_trans_send_result(stream_status);
                      break;
                      
                      case MAPS_STREAM_TRANS_CMD:                             //жөҒж•°жҚ®дј иҫ“(ж”ҜжҢҒеӨҡеј ең°еӣҫ)
                          maps_stream_status = wifi_data_process_buf[offset + DATA_START];//жөҒжңҚеҠЎдј иҫ“иҝ”еӣһжҺҘж”¶
                          maps_stream_trans_send_result(maps_stream_status);
                      break;
              #endif
 620   2      
 621   2      #ifdef WIFI_CONNECT_TEST_ENABLE
                      case WIFI_CONNECT_TEST_CMD:                             //wifiеҠҹиғҪжөӢиҜ•пјҲиҝһжҺҘжҢҮе®ҡи·Ҝз”ұпјү
                          result = wifi_data_process_buf[offset + DATA_START];
                          wifi_connect_test_result(result);
                      break;
              #endif
 627   2      
 628   2      #ifdef GET_MODULE_MAC_ENABLE
                      case GET_MAC_CMD:                                       //иҺ·еҸ–жЁЎеқ—mac
                          mcu_get_mac((unsigned char *)(wifi_data_process_buf + offset + DATA_START));
                      break;
              #endif
 633   2      
 634   2      #ifdef GET_WIFI_STATUS_ENABLE
                      case GET_WIFI_STATUS_CMD:                               //иҺ·еҸ–еҪ“еүҚwifiиҒ”зҪ‘зҠ¶жҖҒ
                          result = wifi_data_process_buf[offset + DATA_START];
                          get_wifi_status(result);
                      break;
              #endif
 640   2      
 641   2      #ifdef MCU_DP_UPLOAD_SYN
                      case STATE_UPLOAD_SYN_RECV_CMD:                         //зҠ¶жҖҒдёҠжҠҘпјҲеҗҢжӯҘпјү
                          result = wifi_data_process_buf[offset + DATA_START];
                          get_upload_syn_result(result);
                      break;
              #endif
 647   2      
 648   2      #ifdef GET_IR_STATUS_ENABLE
                      case GET_IR_STATUS_CMD:                                 //зәўеӨ–зҠ¶жҖҒйҖҡзҹҘ
                          result = wifi_data_process_buf[offset + DATA_START];
                          get_ir_status(result);
                      break;
              #endif
 654   2            
 655   2      #ifdef IR_TX_RX_TEST_ENABLE
                      case IR_TX_RX_TEST_CMD:                                 //зәўеӨ–иҝӣе…Ҙж”¶еҸ‘дә§жөӢ
                          result = wifi_data_process_buf[offset + DATA_START];
                          ir_tx_rx_test_result(result);
                      break;
              #endif
C51 COMPILER V9.59.0.0   SYSTEM                                                            06/30/2026 14:47:53 PAGE 12  

 661   2              
 662   2      #ifdef FILE_DOWNLOAD_ENABLE
 663   2              case FILE_DOWNLOAD_START_CMD:                           //ж–Үд»¶дёӢиҪҪеҗҜеҠЁ
 664   2                  //иҺ·еҸ–ж–Үд»¶еҢ…еӨ§е°ҸйҖүжӢ©
 665   2                  if(FILE_DOWNLOAD_PACKAGE_SIZE == 0) {
 666   3                      file_package_size = 256;
 667   3                  }else if(FILE_DOWNLOAD_PACKAGE_SIZE == 1) {
 668   3                      file_package_size = 512;
 669   3                  }else if(FILE_DOWNLOAD_PACKAGE_SIZE == 2) { 
 670   3                      file_package_size = 1024;
 671   3                  }
 672   2                  
 673   2                  file_download_size = wifi_data_process_buf[offset + DATA_START];
 674   2                  file_download_size = (file_download_size << 8) |  wifi_data_process_buf[offset + DATA_START + 
             -1];
 675   2                  file_download_size = (file_download_size << 8) |  wifi_data_process_buf[offset + DATA_START + 
             -2];
 676   2                  file_download_size = (file_download_size << 8) |  wifi_data_process_buf[offset + DATA_START + 
             -3];
 677   2              
 678   2                  file_download_package_choose(FILE_DOWNLOAD_PACKAGE_SIZE);
 679   2                  file_download_flag = FILE_DOWNLOAD_START_CMD;
 680   2              break;
 681   2              
 682   2              case FILE_DOWNLOAD_TRANS_CMD:                           //ж–Үд»¶дёӢиҪҪж•°жҚ®дј иҫ“
 683   2                  if(file_download_flag == FILE_DOWNLOAD_START_CMD) {
 684   3                      total_len = (wifi_data_process_buf[offset + LENGTH_HIGH] << 8) | wifi_data_process_buf[off
             -set + LENGTH_LOW];
 685   3            
 686   3                      dp_len = wifi_data_process_buf[offset + DATA_START];
 687   3                      dp_len <<= 8;
 688   3                      dp_len |= wifi_data_process_buf[offset + DATA_START + 1];
 689   3                      dp_len <<= 8;
 690   3                      dp_len |= wifi_data_process_buf[offset + DATA_START + 2];
 691   3                      dp_len <<= 8;
 692   3                      dp_len |= wifi_data_process_buf[offset + DATA_START + 3];
 693   3            
 694   3                      file_data_addr = (unsigned char *)wifi_data_process_buf;
 695   3                      file_data_addr += (offset + DATA_START + 4);
 696   3            
 697   3                      if((total_len == 4) && (dp_len == file_download_size)) {
 698   4                          //жңҖеҗҺдёҖеҢ…
 699   4                          ret = file_download_handle(file_data_addr,dp_len,0);
 700   4                          file_download_flag = 0;
 701   4                      }
 702   3                      else if((total_len - 4) <= file_package_size) {
 703   4                          ret = file_download_handle(file_data_addr,dp_len,total_len - 4);
 704   4                      }else {
 705   4                          file_download_flag = 0;
 706   4                          ret = ERROR;
 707   4                      }
 708   3            
 709   3                      if(ret == SUCCESS) {
 710   4                          wifi_uart_write_frame(FILE_DOWNLOAD_TRANS_CMD, MCU_TX_VER, 0);
 711   4                      }
 712   3                  }
 713   2              break;
 714   2      #endif
 715   2              
 716   2      #ifdef MODULE_EXPANDING_SERVICE_ENABLE
                      case MODULE_EXTEND_FUN_CMD:                             //жЁЎеқ—жӢ“еұ•жңҚеҠЎ
                          total_len = (wifi_data_process_buf[offset + LENGTH_HIGH] << 8) | wifi_data_process_buf[offset 
C51 COMPILER V9.59.0.0   SYSTEM                                                            06/30/2026 14:47:53 PAGE 13  

             -+ LENGTH_LOW];
                          open_module_time_serve_result((unsigned char *)(wifi_data_process_buf + offset + DATA_START), 
             -total_len);
                      break;
              #endif
 722   2      
 723   2      #ifdef BLE_RELATED_FUNCTION_ENABLE
                      case BLE_TEST_CMD:                                      //и“қзүҷеҠҹиғҪжҖ§жөӢиҜ•пјҲжү«жҸҸжҢҮе®ҡи“қз
             -үҷдҝЎж Үпјү
                          total_len = (wifi_data_process_buf[offset + LENGTH_HIGH] << 8) | wifi_data_process_buf[offset 
             -+ LENGTH_LOW];
                          BLE_test_result((unsigned char *)(wifi_data_process_buf + offset + DATA_START), total_len);
                      break;
              #endif
 729   2      
 730   2                  
 731   2      #ifdef VOICE_MODULE_PROTOCOL_ENABLE
                      case GET_VOICE_STATE_CMD:                               //иҺ·еҸ–иҜӯйҹізҠ¶жҖҒз Ғ
                          result = wifi_data_process_buf[offset + DATA_START];
                          get_voice_state_result(result);
                      break;
                      case MIC_SILENCE_CMD:                                   //MICйқҷйҹіи®ҫзҪ®
                          result = wifi_data_process_buf[offset + DATA_START];
                          set_voice_MIC_silence_result(result);
                      break;
                      case SET_SPEAKER_VOLUME_CMD:                            //speakerйҹійҮҸи®ҫзҪ®
                          result = wifi_data_process_buf[offset + DATA_START];
                          set_speaker_voice_result(result);
                      break;
                      case VOICE_TEST_CMD:                                    //иҜӯйҹіжЁЎз»„йҹійў‘дә§жөӢ
                          result = wifi_data_process_buf[offset + DATA_START];
                          voice_test_result(result);
                      break;
                      case VOICE_AWAKEN_TEST_CMD:                             //иҜӯйҹіжЁЎз»„е”ӨйҶ’дә§жөӢ
                          result = wifi_data_process_buf[offset + DATA_START];
                          voice_awaken_test_result(result);
                      break;
                      case VOICE_EXTEND_FUN_CMD:                              //иҜӯйҹіжЁЎз»„жү©еұ•еҠҹиғҪ
                          total_len = (wifi_data_process_buf[offset + LENGTH_HIGH] << 8) | wifi_data_process_buf[offset 
             -+ LENGTH_LOW];
                          voice_module_extend_fun((unsigned char *)(wifi_data_process_buf + offset + DATA_START), total_
             -len);
                      break;
              #endif
 757   2              
 758   2      
 759   2              default:break;
 760   2          }
 761   1      }
 762          
 763          /**
 764           * @brief  еҲӨж–ӯдёІеҸЈжҺҘж”¶зј“еӯҳдёӯжҳҜеҗҰжңүж•°жҚ®
 765           * @param  Null
 766           * @return жҳҜеҗҰжңүж•°жҚ®
 767           */
 768          unsigned char with_data_rxbuff(void)
 769          {
 770   1          if(rx_buf_in != rx_buf_out)
 771   1              return 1;
 772   1          else
 773   1              return 0;
 774   1      }
C51 COMPILER V9.59.0.0   SYSTEM                                                            06/30/2026 14:47:53 PAGE 14  

 775          
 776          /**
 777           * @brief  иҜ»еҸ–йҳҹеҲ—1еӯ—иҠӮж•°жҚ®
 778           * @param  Null
 779           * @return Read the data
 780           */
 781          unsigned char take_byte_rxbuff(void)
 782          {
 783   1          unsigned char value;
 784   1          
 785   1          if(rx_buf_out != rx_buf_in) {
 786   2              //жңүж•°жҚ®
 787   2              if(rx_buf_out >= (unsigned char *)(wifi_uart_rx_buf + sizeof(wifi_uart_rx_buf))) {
 788   3                  //ж•°жҚ®е·Із»ҸеҲ°жң«е°ҫ
 789   3                  rx_buf_out = (unsigned char *)(wifi_uart_rx_buf);
 790   3              }
 791   2              
 792   2              value = *rx_buf_out ++;   
 793   2          }
 794   1          
 795   1          return value;
 796   1      }
 797          
 798          
*** WARNING C294 IN LINE 668 OF system.c: unreachable code
*** WARNING C294 IN LINE 670 OF system.c: unreachable code


MODULE INFORMATION:   STATIC OVERLAYABLE
   CODE SIZE        =   3169    ----
   CONSTANT SIZE    =     88    ----
   XDATA SIZE       =    803      64
   PDATA SIZE       =   ----    ----
   DATA SIZE        =   ----    ----
   IDATA SIZE       =   ----    ----
   BIT SIZE         =   ----    ----
END OF MODULE INFORMATION.


C51 COMPILATION COMPLETE.  2 WARNING(S),  0 ERROR(S)
