C51 COMPILER V9.56.0.0   TIMER                                                             05/23/2019 09:13:14 PAGE 1   


C51 COMPILER V9.56.0.0, COMPILATION OF MODULE TIMER
OBJECT MODULE PLACED IN .\obj\timer.obj
COMPILER INVOKED BY: D:\Keil_v5\C51\BIN\C51.EXE timer.c LARGE OPTIMIZE(8,SPEED) BROWSE INCDIR(..\T5L51) DEBUG OBJECTEXTE
                    -ND PRINT(.\Listings\timer.lst) OBJECT(.\obj\timer.obj)

line level    source

   1          /******************************************************************************
   2          
   3                            版权所有 (C), 2019, 北京迪文科技有限公司
   4          
   5           ******************************************************************************
   6            文 件 名   : timer.c
   7            版 本 号   : V1.0
   8            作    者   : chengjing
   9            生成日期   : 2019年4月1日
  10            功能描述   : 定时器设置控制函数  RTC时间设置函数
  11            修改历史   :
  12            1.日    期   : 
  13              作    者   : 
  14              修改内容   : 
  15          ******************************************************************************/
  16          
  17          #include "timer.h"
  18          #include "string.h"
  19          #include "config.h"
  20          
  21          
  22          
  23          
  24          
  25          
  26          
  27          
  28          
  29          
  30          
  31          
  32          
  33          
  34          
  35          
  36          
  37          
  38          
  39          
  40          
  41          
  42          
  43          
  44          
  45          
  46          
  47          
  48          
  49          
  50          
  51          
  52          
  53          
  54          
C51 COMPILER V9.56.0.0   TIMER                                                             05/23/2019 09:13:14 PAGE 2   

  55          
  56          
  57          
  58          
  59          
  60          
  61          
  62          
  63          
  64          
  65          
  66          
  67          
  68          
  69          
  70          
  71          
  72          
  73          
  74          
  75          
  76          
  77          
  78          
  79          
  80          
  81          
  82          


MODULE INFORMATION:   STATIC OVERLAYABLE
   CODE SIZE        =   ----    ----
   CONSTANT SIZE    =   ----    ----
   XDATA SIZE       =   ----    ----
   PDATA SIZE       =   ----    ----
   DATA SIZE        =   ----    ----
   IDATA SIZE       =   ----    ----
   BIT SIZE         =   ----    ----
END OF MODULE INFORMATION.


C51 COMPILATION COMPLETE.  0 WARNING(S),  0 ERROR(S)
